{"numFailedTestSuites":1,"numFailedTests":31,"numPassedTestSuites":0,"numPassedTests":6,"numPendingTestSuites":0,"numPendingTests":0,"numRuntimeErrorTestSuites":0,"numTodoTests":0,"numTotalTestSuites":1,"numTotalTests":37,"openHandles":[],"snapshot":{"added":0,"didUpdate":false,"failure":false,"filesAdded":0,"filesRemoved":0,"filesRemovedList":[],"filesUnmatched":0,"filesUpdated":0,"matched":0,"total":0,"unchecked":0,"uncheckedKeysByFile":[],"unmatched":0,"updated":0},"startTime":1765820439596,"success":false,"testResults":[{"assertionResults":[{"ancestorTitles":["Auth Controller - Đăng ký và Xác thực","signup - Đăng ký người dùng"],"duration":397,"failureDetails":[{"matcherResult":{"message":"expect(jest.fn()).toHaveBeenCalledWith(...expected)\n\nExpected: 201\n\nNumber of calls: 0","pass":false}}],"failureMessages":["Error: expect(jest.fn()).toHaveBeenCalledWith(...expected)\n\nExpected: 201\n\nNumber of calls: 0\n    at Object.toHaveBeenCalledWith (/home/runner/work/2025_2026_KIEM_THU_PHAN_MEM/2025_2026_KIEM_THU_PHAN_MEM/Back-end/tests/unit/controllers/authController.test.js:55:26)\n    at processTicksAndRejections (node:internal/process/task_queues:95:5)"],"fullName":"Auth Controller - Đăng ký và Xác thực signup - Đăng ký người dùng nên tạo người dùng mới thành công","invocations":1,"location":null,"numPassingAsserts":0,"retryReasons":[],"status":"failed","title":"nên tạo người dùng mới thành công"},{"ancestorTitles":["Auth Controller - Đăng ký và Xác thực","signup - Đăng ký người dùng"],"duration":698,"failureDetails":[{"matcherResult":{"message":"expect(jest.fn()).toHaveBeenCalledWith(...expected)\n\nExpected: ObjectContaining {\"message\": \"Email này đã được đăng ký.\", \"statusCode\": 500}\n\nNumber of calls: 0","pass":false}}],"failureMessages":["Error: expect(jest.fn()).toHaveBeenCalledWith(...expected)\n\nExpected: ObjectContaining {\"message\": \"Email này đã được đăng ký.\", \"statusCode\": 500}\n\nNumber of calls: 0\n    at Object.toHaveBeenCalledWith (/home/runner/work/2025_2026_KIEM_THU_PHAN_MEM/2025_2026_KIEM_THU_PHAN_MEM/Back-end/tests/unit/controllers/authController.test.js:96:20)\n    at processTicksAndRejections (node:internal/process/task_queues:95:5)"],"fullName":"Auth Controller - Đăng ký và Xác thực signup - Đăng ký người dùng nên trả về lỗi khi email đã tồn tại","invocations":1,"location":null,"numPassingAsserts":0,"retryReasons":[],"status":"failed","title":"nên trả về lỗi khi email đã tồn tại"},{"ancestorTitles":["Auth Controller - Đăng ký và Xác thực","signup - Đăng ký người dùng"],"duration":344,"failureDetails":[{}],"failureMessages":["TypeError: Cannot read properties of null (reading 'password')\n    at Object.password (/home/runner/work/2025_2026_KIEM_THU_PHAN_MEM/2025_2026_KIEM_THU_PHAN_MEM/Back-end/tests/unit/controllers/authController.test.js:115:19)\n    at processTicksAndRejections (node:internal/process/task_queues:95:5)"],"fullName":"Auth Controller - Đăng ký và Xác thực signup - Đăng ký người dùng nên hash password trước khi lưu","invocations":1,"location":null,"numPassingAsserts":0,"retryReasons":[],"status":"failed","title":"nên hash password trước khi lưu"},{"ancestorTitles":["Auth Controller - Đăng ký và Xác thực","signupAdmin - Đăng ký admin"],"duration":336,"failureDetails":[{"matcherResult":{"message":"expect(jest.fn()).toHaveBeenCalledWith(...expected)\n\nExpected: 201\n\nNumber of calls: 0","pass":false}}],"failureMessages":["Error: expect(jest.fn()).toHaveBeenCalledWith(...expected)\n\nExpected: 201\n\nNumber of calls: 0\n    at Object.toHaveBeenCalledWith (/home/runner/work/2025_2026_KIEM_THU_PHAN_MEM/2025_2026_KIEM_THU_PHAN_MEM/Back-end/tests/unit/controllers/authController.test.js:131:26)\n    at processTicksAndRejections (node:internal/process/task_queues:95:5)"],"fullName":"Auth Controller - Đăng ký và Xác thực signupAdmin - Đăng ký admin nên tạo admin mới thành công","invocations":1,"location":null,"numPassingAsserts":0,"retryReasons":[],"status":"failed","title":"nên tạo admin mới thành công"},{"ancestorTitles":["Auth Controller - Đăng ký và Xác thực","signupAdmin - Đăng ký admin"],"duration":669,"failureDetails":[{"matcherResult":{"message":"expect(jest.fn()).toHaveBeenCalledWith(...expected)\n\nExpected: ObjectContaining {\"message\": \"Email này đã được đăng ký.\", \"statusCode\": 500}\n\nNumber of calls: 0","pass":false}}],"failureMessages":["Error: expect(jest.fn()).toHaveBeenCalledWith(...expected)\n\nExpected: ObjectContaining {\"message\": \"Email này đã được đăng ký.\", \"statusCode\": 500}\n\nNumber of calls: 0\n    at Object.toHaveBeenCalledWith (/home/runner/work/2025_2026_KIEM_THU_PHAN_MEM/2025_2026_KIEM_THU_PHAN_MEM/Back-end/tests/unit/controllers/authController.test.js:168:20)\n    at processTicksAndRejections (node:internal/process/task_queues:95:5)"],"fullName":"Auth Controller - Đăng ký và Xác thực signupAdmin - Đăng ký admin nên trả về lỗi khi email admin đã tồn tại","invocations":1,"location":null,"numPassingAsserts":0,"retryReasons":[],"status":"failed","title":"nên trả về lỗi khi email admin đã tồn tại"},{"ancestorTitles":["Auth Controller - Đăng ký và Xác thực","login - Đăng nhập"],"duration":340,"failureDetails":[{"matcherResult":{"message":"expect(jest.fn()).toHaveBeenCalledWith(...expected)\n\nExpected: 200\n\nNumber of calls: 0","pass":false}}],"failureMessages":["Error: expect(jest.fn()).toHaveBeenCalledWith(...expected)\n\nExpected: 200\n\nNumber of calls: 0\n    at Object.toHaveBeenCalledWith (/home/runner/work/2025_2026_KIEM_THU_PHAN_MEM/2025_2026_KIEM_THU_PHAN_MEM/Back-end/tests/unit/controllers/authController.test.js:198:26)\n    at processTicksAndRejections (node:internal/process/task_queues:95:5)"],"fullName":"Auth Controller - Đăng ký và Xác thực login - Đăng nhập nên đăng nhập thành công với email và password đúng","invocations":1,"location":null,"numPassingAsserts":0,"retryReasons":[],"status":"failed","title":"nên đăng nhập thành công với email và password đúng"},{"ancestorTitles":["Auth Controller - Đăng ký và Xác thực","login - Đăng nhập"],"duration":337,"failureDetails":[],"failureMessages":[],"fullName":"Auth Controller - Đăng ký và Xác thực login - Đăng nhập nên trả về lỗi khi thiếu email hoặc password","invocations":1,"location":null,"numPassingAsserts":1,"retryReasons":[],"status":"passed","title":"nên trả về lỗi khi thiếu email hoặc password"},{"ancestorTitles":["Auth Controller - Đăng ký và Xác thực","login - Đăng nhập"],"duration":337,"failureDetails":[{"matcherResult":{"message":"expect(jest.fn()).toHaveBeenCalledWith(...expected)\n\nExpected: ObjectContaining {\"message\": \"Email hoặc mật khẩu không chính xác\", \"statusCode\": 401}\n\nNumber of calls: 0","pass":false}}],"failureMessages":["Error: expect(jest.fn()).toHaveBeenCalledWith(...expected)\n\nExpected: ObjectContaining {\"message\": \"Email hoặc mật khẩu không chính xác\", \"statusCode\": 401}\n\nNumber of calls: 0\n    at Object.toHaveBeenCalledWith (/home/runner/work/2025_2026_KIEM_THU_PHAN_MEM/2025_2026_KIEM_THU_PHAN_MEM/Back-end/tests/unit/controllers/authController.test.js:237:20)\n    at processTicksAndRejections (node:internal/process/task_queues:95:5)"],"fullName":"Auth Controller - Đăng ký và Xác thực login - Đăng nhập nên trả về lỗi khi email không tồn tại","invocations":1,"location":null,"numPassingAsserts":0,"retryReasons":[],"status":"failed","title":"nên trả về lỗi khi email không tồn tại"},{"ancestorTitles":["Auth Controller - Đăng ký và Xác thực","login - Đăng nhập"],"duration":339,"failureDetails":[{"matcherResult":{"message":"expect(jest.fn()).toHaveBeenCalledWith(...expected)\n\nExpected: ObjectContaining {\"message\": \"Email hoặc mật khẩu không chính xác\", \"statusCode\": 401}\n\nNumber of calls: 0","pass":false}}],"failureMessages":["Error: expect(jest.fn()).toHaveBeenCalledWith(...expected)\n\nExpected: ObjectContaining {\"message\": \"Email hoặc mật khẩu không chính xác\", \"statusCode\": 401}\n\nNumber of calls: 0\n    at Object.toHaveBeenCalledWith (/home/runner/work/2025_2026_KIEM_THU_PHAN_MEM/2025_2026_KIEM_THU_PHAN_MEM/Back-end/tests/unit/controllers/authController.test.js:253:20)\n    at processTicksAndRejections (node:internal/process/task_queues:95:5)"],"fullName":"Auth Controller - Đăng ký và Xác thực login - Đăng nhập nên trả về lỗi khi password sai","invocations":1,"location":null,"numPassingAsserts":0,"retryReasons":[],"status":"failed","title":"nên trả về lỗi khi password sai"},{"ancestorTitles":["Auth Controller - Đăng ký và Xác thực","login - Đăng nhập"],"duration":668,"failureDetails":[{"matcherResult":{"message":"expect(jest.fn()).toHaveBeenCalledWith(...expected)\n\nExpected: 201\n\nNumber of calls: 0","pass":false}}],"failureMessages":["Error: expect(jest.fn()).toHaveBeenCalledWith(...expected)\n\nExpected: 201\n\nNumber of calls: 0\n    at Object.toHaveBeenCalledWith (/home/runner/work/2025_2026_KIEM_THU_PHAN_MEM/2025_2026_KIEM_THU_PHAN_MEM/Back-end/tests/unit/controllers/authController.test.js:277:26)\n    at processTicksAndRejections (node:internal/process/task_queues:95:5)"],"fullName":"Auth Controller - Đăng ký và Xác thực login - Đăng nhập nên tự động active user nếu status là verify","invocations":1,"location":null,"numPassingAsserts":0,"retryReasons":[],"status":"failed","title":"nên tự động active user nếu status là verify"},{"ancestorTitles":["Auth Controller - Đăng ký và Xác thực","verifyUser - Xác thực người dùng"],"duration":370,"failureDetails":[{"matcherResult":{"message":"expect(jest.fn()).toHaveBeenCalledWith(...expected)\n\nExpected: 200\n\nNumber of calls: 0","pass":false}}],"failureMessages":["Error: expect(jest.fn()).toHaveBeenCalledWith(...expected)\n\nExpected: 200\n\nNumber of calls: 0\n    at Object.toHaveBeenCalledWith (/home/runner/work/2025_2026_KIEM_THU_PHAN_MEM/2025_2026_KIEM_THU_PHAN_MEM/Back-end/tests/unit/controllers/authController.test.js:307:26)\n    at processTicksAndRejections (node:internal/process/task_queues:95:5)"],"fullName":"Auth Controller - Đăng ký và Xác thực verifyUser - Xác thực người dùng nên xác thực user thành công với token hợp lệ","invocations":1,"location":null,"numPassingAsserts":0,"retryReasons":[],"status":"failed","title":"nên xác thực user thành công với token hợp lệ"},{"ancestorTitles":["Auth Controller - Đăng ký và Xác thực","verifyUser - Xác thực người dùng"],"duration":5,"failureDetails":[{"matcherResult":{"message":"expect(jest.fn()).toHaveBeenCalledWith(...expected)\n\nExpected: ObjectContaining {\"message\": \"Mã xác nhận không hợp lệ hoặc đã hết hạn\", \"statusCode\": 400}\n\nNumber of calls: 0","pass":false}}],"failureMessages":["Error: expect(jest.fn()).toHaveBeenCalledWith(...expected)\n\nExpected: ObjectContaining {\"message\": \"Mã xác nhận không hợp lệ hoặc đã hết hạn\", \"statusCode\": 400}\n\nNumber of calls: 0\n    at Object.toHaveBeenCalledWith (/home/runner/work/2025_2026_KIEM_THU_PHAN_MEM/2025_2026_KIEM_THU_PHAN_MEM/Back-end/tests/unit/controllers/authController.test.js:322:20)\n    at processTicksAndRejections (node:internal/process/task_queues:95:5)"],"fullName":"Auth Controller - Đăng ký và Xác thực verifyUser - Xác thực người dùng nên trả về lỗi khi token không hợp lệ","invocations":1,"location":null,"numPassingAsserts":0,"retryReasons":[],"status":"failed","title":"nên trả về lỗi khi token không hợp lệ"},{"ancestorTitles":["Auth Controller - Đăng ký và Xác thực","forgotPassword - Quên mật khẩu"],"duration":338,"failureDetails":[{"matcherResult":{"message":"expect(jest.fn()).toHaveBeenCalled()\n\nExpected number of calls: >= 1\nReceived number of calls:    0","pass":false}}],"failureMessages":["Error: expect(jest.fn()).toHaveBeenCalled()\n\nExpected number of calls: >= 1\nReceived number of calls:    0\n    at Object.toHaveBeenCalled (/home/runner/work/2025_2026_KIEM_THU_PHAN_MEM/2025_2026_KIEM_THU_PHAN_MEM/Back-end/tests/unit/controllers/authController.test.js:346:25)\n    at processTicksAndRejections (node:internal/process/task_queues:95:5)"],"fullName":"Auth Controller - Đăng ký và Xác thực forgotPassword - Quên mật khẩu nên tạo reset token và gửi email","invocations":1,"location":null,"numPassingAsserts":0,"retryReasons":[],"status":"failed","title":"nên tạo reset token và gửi email"},{"ancestorTitles":["Auth Controller - Đăng ký và Xác thực","forgotPassword - Quên mật khẩu"],"duration":4,"failureDetails":[{"matcherResult":{"message":"expect(jest.fn()).toHaveBeenCalledWith(...expected)\n\nExpected: ObjectContaining {\"message\": \"Tài khoản này không tồn tại. Vui lòng đăng ký để sử dụng\", \"statusCode\": 404}\n\nNumber of calls: 0","pass":false}}],"failureMessages":["Error: expect(jest.fn()).toHaveBeenCalledWith(...expected)\n\nExpected: ObjectContaining {\"message\": \"Tài khoản này không tồn tại. Vui lòng đăng ký để sử dụng\", \"statusCode\": 404}\n\nNumber of calls: 0\n    at Object.toHaveBeenCalledWith (/home/runner/work/2025_2026_KIEM_THU_PHAN_MEM/2025_2026_KIEM_THU_PHAN_MEM/Back-end/tests/unit/controllers/authController.test.js:365:20)\n    at processTicksAndRejections (node:internal/process/task_queues:95:5)"],"fullName":"Auth Controller - Đăng ký và Xác thực forgotPassword - Quên mật khẩu nên trả về lỗi khi email không tồn tại","invocations":1,"location":null,"numPassingAsserts":0,"retryReasons":[],"status":"failed","title":"nên trả về lỗi khi email không tồn tại"},{"ancestorTitles":["Auth Controller - Đăng ký và Xác thực","verifyResetPass - Xác thực reset password token"],"duration":340,"failureDetails":[{"matcherResult":{"message":"expect(jest.fn()).toHaveBeenCalledWith(...expected)\n\nExpected: 200\n\nNumber of calls: 0","pass":false}}],"failureMessages":["Error: expect(jest.fn()).toHaveBeenCalledWith(...expected)\n\nExpected: 200\n\nNumber of calls: 0\n    at Object.toHaveBeenCalledWith (/home/runner/work/2025_2026_KIEM_THU_PHAN_MEM/2025_2026_KIEM_THU_PHAN_MEM/Back-end/tests/unit/controllers/authController.test.js:397:26)\n    at processTicksAndRejections (node:internal/process/task_queues:95:5)"],"fullName":"Auth Controller - Đăng ký và Xác thực verifyResetPass - Xác thực reset password token nên xác thực token reset password hợp lệ","invocations":1,"location":null,"numPassingAsserts":0,"retryReasons":[],"status":"failed","title":"nên xác thực token reset password hợp lệ"},{"ancestorTitles":["Auth Controller - Đăng ký và Xác thực","verifyResetPass - Xác thực reset password token"],"duration":3,"failureDetails":[{"matcherResult":{"message":"expect(jest.fn()).toHaveBeenCalledWith(...expected)\n\nExpected: ObjectContaining {\"message\": \"Token không hợp lệ hoặc đã hết hạn\", \"statusCode\": 400}\n\nNumber of calls: 0","pass":false}}],"failureMessages":["Error: expect(jest.fn()).toHaveBeenCalledWith(...expected)\n\nExpected: ObjectContaining {\"message\": \"Token không hợp lệ hoặc đã hết hạn\", \"statusCode\": 400}\n\nNumber of calls: 0\n    at Object.toHaveBeenCalledWith (/home/runner/work/2025_2026_KIEM_THU_PHAN_MEM/2025_2026_KIEM_THU_PHAN_MEM/Back-end/tests/unit/controllers/authController.test.js:411:20)\n    at processTicksAndRejections (node:internal/process/task_queues:95:5)"],"fullName":"Auth Controller - Đăng ký và Xác thực verifyResetPass - Xác thực reset password token nên trả về lỗi khi token không hợp lệ hoặc hết hạn","invocations":1,"location":null,"numPassingAsserts":0,"retryReasons":[],"status":"failed","title":"nên trả về lỗi khi token không hợp lệ hoặc hết hạn"},{"ancestorTitles":["Auth Controller - Đăng ký và Xác thực","resetPassword - Đặt lại mật khẩu"],"duration":338,"failureDetails":[{"matcherResult":{"message":"expect(jest.fn()).toHaveBeenCalledWith(...expected)\n\nExpected: 200\n\nNumber of calls: 0","pass":false}}],"failureMessages":["Error: expect(jest.fn()).toHaveBeenCalledWith(...expected)\n\nExpected: 200\n\nNumber of calls: 0\n    at Object.toHaveBeenCalledWith (/home/runner/work/2025_2026_KIEM_THU_PHAN_MEM/2025_2026_KIEM_THU_PHAN_MEM/Back-end/tests/unit/controllers/authController.test.js:447:26)\n    at processTicksAndRejections (node:internal/process/task_queues:95:5)"],"fullName":"Auth Controller - Đăng ký và Xác thực resetPassword - Đặt lại mật khẩu nên đặt lại mật khẩu thành công với token hợp lệ","invocations":1,"location":null,"numPassingAsserts":0,"retryReasons":[],"status":"failed","title":"nên đặt lại mật khẩu thành công với token hợp lệ"},{"ancestorTitles":["Auth Controller - Đăng ký và Xác thực","resetPassword - Đặt lại mật khẩu"],"duration":3,"failureDetails":[{"matcherResult":{"message":"expect(jest.fn()).toHaveBeenCalledWith(...expected)\n\nExpected: ObjectContaining {\"message\": StringContaining \"không hợp lệ hoặc đã hết hạn\", \"statusCode\": 400}\n\nNumber of calls: 0","pass":false}}],"failureMessages":["Error: expect(jest.fn()).toHaveBeenCalledWith(...expected)\n\nExpected: ObjectContaining {\"message\": StringContaining \"không hợp lệ hoặc đã hết hạn\", \"statusCode\": 400}\n\nNumber of calls: 0\n    at Object.toHaveBeenCalledWith (/home/runner/work/2025_2026_KIEM_THU_PHAN_MEM/2025_2026_KIEM_THU_PHAN_MEM/Back-end/tests/unit/controllers/authController.test.js:470:20)\n    at processTicksAndRejections (node:internal/process/task_queues:95:5)"],"fullName":"Auth Controller - Đăng ký và Xác thực resetPassword - Đặt lại mật khẩu nên trả về lỗi khi token không hợp lệ","invocations":1,"location":null,"numPassingAsserts":0,"retryReasons":[],"status":"failed","title":"nên trả về lỗi khi token không hợp lệ"},{"ancestorTitles":["Auth Controller - Đăng ký và Xác thực","updatePassword - Cập nhật mật khẩu"],"duration":337,"failureDetails":[{"matcherResult":{"message":"expect(jest.fn()).toHaveBeenCalledWith(...expected)\n\nExpected: 200\n\nNumber of calls: 0","pass":false}}],"failureMessages":["Error: expect(jest.fn()).toHaveBeenCalledWith(...expected)\n\nExpected: 200\n\nNumber of calls: 0\n    at Object.toHaveBeenCalledWith (/home/runner/work/2025_2026_KIEM_THU_PHAN_MEM/2025_2026_KIEM_THU_PHAN_MEM/Back-end/tests/unit/controllers/authController.test.js:501:26)\n    at processTicksAndRejections (node:internal/process/task_queues:95:5)"],"fullName":"Auth Controller - Đăng ký và Xác thực updatePassword - Cập nhật mật khẩu nên cập nhật mật khẩu thành công với password hiện tại đúng","invocations":1,"location":null,"numPassingAsserts":0,"retryReasons":[],"status":"failed","title":"nên cập nhật mật khẩu thành công với password hiện tại đúng"},{"ancestorTitles":["Auth Controller - Đăng ký và Xác thực","updatePassword - Cập nhật mật khẩu"],"duration":336,"failureDetails":[{"matcherResult":{"message":"expect(jest.fn()).toHaveBeenCalledWith(...expected)\n\nExpected: ObjectContaining {\"message\": \"Mật khẩu hiện tại chưa chính xác.\", \"statusCode\": 401}\n\nNumber of calls: 0","pass":false}}],"failureMessages":["Error: expect(jest.fn()).toHaveBeenCalledWith(...expected)\n\nExpected: ObjectContaining {\"message\": \"Mật khẩu hiện tại chưa chính xác.\", \"statusCode\": 401}\n\nNumber of calls: 0\n    at Object.toHaveBeenCalledWith (/home/runner/work/2025_2026_KIEM_THU_PHAN_MEM/2025_2026_KIEM_THU_PHAN_MEM/Back-end/tests/unit/controllers/authController.test.js:518:20)\n    at processTicksAndRejections (node:internal/process/task_queues:95:5)"],"fullName":"Auth Controller - Đăng ký và Xác thực updatePassword - Cập nhật mật khẩu nên trả về lỗi khi password hiện tại sai","invocations":1,"location":null,"numPassingAsserts":0,"retryReasons":[],"status":"failed","title":"nên trả về lỗi khi password hiện tại sai"},{"ancestorTitles":["Auth Controller - Đăng ký và Xác thực","logout - Đăng xuất"],"duration":3,"failureDetails":[],"failureMessages":[],"fullName":"Auth Controller - Đăng ký và Xác thực logout - Đăng xuất nên đăng xuất thành công","invocations":1,"location":null,"numPassingAsserts":3,"retryReasons":[],"status":"passed","title":"nên đăng xuất thành công"},{"ancestorTitles":["Auth Controller - Đăng ký và Xác thực","protect - Middleware bảo vệ route"],"duration":338,"failureDetails":[{"matcherResult":{"message":"expect(received).toBeTruthy()\n\nReceived: null","pass":false}}],"failureMessages":["Error: expect(received).toBeTruthy()\n\nReceived: null\n    at Object.toBeTruthy (/home/runner/work/2025_2026_KIEM_THU_PHAN_MEM/2025_2026_KIEM_THU_PHAN_MEM/Back-end/tests/unit/controllers/authController.test.js:562:24)\n    at processTicksAndRejections (node:internal/process/task_queues:95:5)"],"fullName":"Auth Controller - Đăng ký và Xác thực protect - Middleware bảo vệ route nên cho phép truy cập với token hợp lệ trong header","invocations":1,"location":null,"numPassingAsserts":0,"retryReasons":[],"status":"failed","title":"nên cho phép truy cập với token hợp lệ trong header"},{"ancestorTitles":["Auth Controller - Đăng ký và Xác thực","protect - Middleware bảo vệ route"],"duration":337,"failureDetails":[{"matcherResult":{"message":"expect(received).toBeTruthy()\n\nReceived: null","pass":false}}],"failureMessages":["Error: expect(received).toBeTruthy()\n\nReceived: null\n    at Object.toBeTruthy (/home/runner/work/2025_2026_KIEM_THU_PHAN_MEM/2025_2026_KIEM_THU_PHAN_MEM/Back-end/tests/unit/controllers/authController.test.js:574:24)\n    at processTicksAndRejections (node:internal/process/task_queues:95:5)"],"fullName":"Auth Controller - Đăng ký và Xác thực protect - Middleware bảo vệ route nên cho phép truy cập với token hợp lệ trong cookie","invocations":1,"location":null,"numPassingAsserts":0,"retryReasons":[],"status":"failed","title":"nên cho phép truy cập với token hợp lệ trong cookie"},{"ancestorTitles":["Auth Controller - Đăng ký và Xác thực","protect - Middleware bảo vệ route"],"duration":337,"failureDetails":[],"failureMessages":[],"fullName":"Auth Controller - Đăng ký và Xác thực protect - Middleware bảo vệ route nên trả về lỗi khi không có token","invocations":1,"location":null,"numPassingAsserts":1,"retryReasons":[],"status":"passed","title":"nên trả về lỗi khi không có token"},{"ancestorTitles":["Auth Controller - Đăng ký và Xác thực","protect - Middleware bảo vệ route"],"duration":341,"failureDetails":[{"matcherResult":{"message":"expect(jest.fn()).toHaveBeenCalledWith(...expected)\n\nExpected: ObjectContaining {\"message\": \"Token người dùng không còn tồn tại.\", \"statusCode\": 401}\n\nNumber of calls: 0","pass":false}}],"failureMessages":["Error: expect(jest.fn()).toHaveBeenCalledWith(...expected)\n\nExpected: ObjectContaining {\"message\": \"Token người dùng không còn tồn tại.\", \"statusCode\": 401}\n\nNumber of calls: 0\n    at Object.toHaveBeenCalledWith (/home/runner/work/2025_2026_KIEM_THU_PHAN_MEM/2025_2026_KIEM_THU_PHAN_MEM/Back-end/tests/unit/controllers/authController.test.js:595:20)\n    at processTicksAndRejections (node:internal/process/task_queues:95:5)"],"fullName":"Auth Controller - Đăng ký và Xác thực protect - Middleware bảo vệ route nên trả về lỗi khi user không còn tồn tại","invocations":1,"location":null,"numPassingAsserts":0,"retryReasons":[],"status":"failed","title":"nên trả về lỗi khi user không còn tồn tại"},{"ancestorTitles":["Auth Controller - Đăng ký và Xác thực","protect - Middleware bảo vệ route"],"duration":686,"failureDetails":[{"matcherResult":{"message":"expect(jest.fn()).toHaveBeenCalledWith(...expected)\n\nExpected: ObjectContaining {\"message\": \"Tài khoản gần đây đã thay đổi mật khẩu! Xin vui lòng đăng nhập lại.\", \"statusCode\": 401}\n\nNumber of calls: 0","pass":false}}],"failureMessages":["Error: expect(jest.fn()).toHaveBeenCalledWith(...expected)\n\nExpected: ObjectContaining {\"message\": \"Tài khoản gần đây đã thay đổi mật khẩu! Xin vui lòng đăng nhập lại.\", \"statusCode\": 401}\n\nNumber of calls: 0\n    at Object.toHaveBeenCalledWith (/home/runner/work/2025_2026_KIEM_THU_PHAN_MEM/2025_2026_KIEM_THU_PHAN_MEM/Back-end/tests/unit/controllers/authController.test.js:614:20)\n    at processTicksAndRejections (node:internal/process/task_queues:95:5)"],"fullName":"Auth Controller - Đăng ký và Xác thực protect - Middleware bảo vệ route nên trả về lỗi khi password đã thay đổi sau khi token được tạo","invocations":1,"location":null,"numPassingAsserts":0,"retryReasons":[],"status":"failed","title":"nên trả về lỗi khi password đã thay đổi sau khi token được tạo"},{"ancestorTitles":["Auth Controller - Đăng ký và Xác thực","restrictTo - Middleware phân quyền"],"duration":336,"failureDetails":[],"failureMessages":[],"fullName":"Auth Controller - Đăng ký và Xác thực restrictTo - Middleware phân quyền nên cho phép truy cập khi user có role phù hợp","invocations":1,"location":null,"numPassingAsserts":2,"retryReasons":[],"status":"passed","title":"nên cho phép truy cập khi user có role phù hợp"},{"ancestorTitles":["Auth Controller - Đăng ký và Xác thực","restrictTo - Middleware phân quyền"],"duration":336,"failureDetails":[],"failureMessages":[],"fullName":"Auth Controller - Đăng ký và Xác thực restrictTo - Middleware phân quyền nên từ chối truy cập khi user không có role phù hợp","invocations":1,"location":null,"numPassingAsserts":1,"retryReasons":[],"status":"passed","title":"nên từ chối truy cập khi user không có role phù hợp"},{"ancestorTitles":["Auth Controller - Đăng ký và Xác thực","restrictTo - Middleware phân quyền"],"duration":3,"failureDetails":[],"failureMessages":[],"fullName":"Auth Controller - Đăng ký và Xác thực restrictTo - Middleware phân quyền nên từ chối truy cập khi không có user","invocations":1,"location":null,"numPassingAsserts":1,"retryReasons":[],"status":"passed","title":"nên từ chối truy cập khi không có user"},{"ancestorTitles":["Auth Controller - Đăng ký và Xác thực","googleLogin - Đăng nhập bằng Google (Admin)"],"duration":336,"failureDetails":[{"matcherResult":{"message":"expect(jest.fn()).toHaveBeenCalledWith(...expected)\n\nExpected: 200\n\nNumber of calls: 0","pass":false}}],"failureMessages":["Error: expect(jest.fn()).toHaveBeenCalledWith(...expected)\n\nExpected: 200\n\nNumber of calls: 0\n    at Object.toHaveBeenCalledWith (/home/runner/work/2025_2026_KIEM_THU_PHAN_MEM/2025_2026_KIEM_THU_PHAN_MEM/Back-end/tests/unit/controllers/authController.test.js:695:26)\n    at processTicksAndRejections (node:internal/process/task_queues:95:5)"],"fullName":"Auth Controller - Đăng ký và Xác thực googleLogin - Đăng nhập bằng Google (Admin) nên đăng nhập thành công với admin account","invocations":1,"location":null,"numPassingAsserts":0,"retryReasons":[],"status":"failed","title":"nên đăng nhập thành công với admin account"},{"ancestorTitles":["Auth Controller - Đăng ký và Xác thực","googleLogin - Đăng nhập bằng Google (Admin)"],"duration":337,"failureDetails":[{"matcherResult":{"message":"expect(jest.fn()).toHaveBeenCalledWith(...expected)\n\nExpected: 400\n\nNumber of calls: 0","pass":false}}],"failureMessages":["Error: expect(jest.fn()).toHaveBeenCalledWith(...expected)\n\nExpected: 400\n\nNumber of calls: 0\n    at Object.toHaveBeenCalledWith (/home/runner/work/2025_2026_KIEM_THU_PHAN_MEM/2025_2026_KIEM_THU_PHAN_MEM/Back-end/tests/unit/controllers/authController.test.js:715:26)\n    at processTicksAndRejections (node:internal/process/task_queues:95:5)"],"fullName":"Auth Controller - Đăng ký và Xác thực googleLogin - Đăng nhập bằng Google (Admin) nên từ chối đăng nhập với non-admin account","invocations":1,"location":null,"numPassingAsserts":0,"retryReasons":[],"status":"failed","title":"nên từ chối đăng nhập với non-admin account"},{"ancestorTitles":["Auth Controller - Đăng ký và Xác thực","userLoginWith - Đăng nhập bằng Google/Firebase (User)"],"duration":306,"failureDetails":[{"matcherResult":{"message":"expect(jest.fn()).toHaveBeenCalledWith(...expected)\n\nExpected: 200\n\nNumber of calls: 0","pass":false}}],"failureMessages":["Error: expect(jest.fn()).toHaveBeenCalledWith(...expected)\n\nExpected: 200\n\nNumber of calls: 0\n    at Object.toHaveBeenCalledWith (/home/runner/work/2025_2026_KIEM_THU_PHAN_MEM/2025_2026_KIEM_THU_PHAN_MEM/Back-end/tests/unit/controllers/authController.test.js:734:26)\n    at processTicksAndRejections (node:internal/process/task_queues:95:5)"],"fullName":"Auth Controller - Đăng ký và Xác thực userLoginWith - Đăng nhập bằng Google/Firebase (User) nên tạo user mới nếu chưa tồn tại","invocations":1,"location":null,"numPassingAsserts":0,"retryReasons":[],"status":"failed","title":"nên tạo user mới nếu chưa tồn tại"},{"ancestorTitles":["Auth Controller - Đăng ký và Xác thực","userLoginWith - Đăng nhập bằng Google/Firebase (User)"],"duration":670,"failureDetails":[{"matcherResult":{"message":"expect(jest.fn()).toHaveBeenCalledWith(...expected)\n\nExpected: 200\n\nNumber of calls: 0","pass":false}}],"failureMessages":["Error: expect(jest.fn()).toHaveBeenCalledWith(...expected)\n\nExpected: 200\n\nNumber of calls: 0\n    at Object.toHaveBeenCalledWith (/home/runner/work/2025_2026_KIEM_THU_PHAN_MEM/2025_2026_KIEM_THU_PHAN_MEM/Back-end/tests/unit/controllers/authController.test.js:762:26)\n    at processTicksAndRejections (node:internal/process/task_queues:95:5)"],"fullName":"Auth Controller - Đăng ký và Xác thực userLoginWith - Đăng nhập bằng Google/Firebase (User) nên đăng nhập thành công với user đã tồn tại","invocations":1,"location":null,"numPassingAsserts":0,"retryReasons":[],"status":"failed","title":"nên đăng nhập thành công với user đã tồn tại"},{"ancestorTitles":["Auth Controller - Đăng ký và Xác thực","userLoginWith - Đăng nhập bằng Google/Firebase (User)"],"duration":374,"failureDetails":[{"matcherResult":{"actual":"verify","expected":"active","message":"expect(received).toBe(expected) // Object.is equality\n\nExpected: \"active\"\nReceived: \"verify\"","name":"toBe","pass":false}}],"failureMessages":["Error: expect(received).toBe(expected) // Object.is equality\n\nExpected: \"active\"\nReceived: \"verify\"\n    at Object.toBe (/home/runner/work/2025_2026_KIEM_THU_PHAN_MEM/2025_2026_KIEM_THU_PHAN_MEM/Back-end/tests/unit/controllers/authController.test.js:786:34)\n    at processTicksAndRejections (node:internal/process/task_queues:95:5)"],"fullName":"Auth Controller - Đăng ký và Xác thực userLoginWith - Đăng nhập bằng Google/Firebase (User) nên tự động active user nếu status là verify","invocations":1,"location":null,"numPassingAsserts":0,"retryReasons":[],"status":"failed","title":"nên tự động active user nếu status là verify"},{"ancestorTitles":["Auth Controller - Đăng ký và Xác thực","userLoginWith - Đăng nhập bằng Google/Firebase (User)"],"duration":640,"failureDetails":[{"matcherResult":{"message":"expect(jest.fn()).toHaveBeenCalledWith(...expected)\n\nExpected: ObjectContaining {\"message\": \"Tài khoản của bạn đã bị ban.\", \"statusCode\": 401}\n\nNumber of calls: 0","pass":false}}],"failureMessages":["Error: expect(jest.fn()).toHaveBeenCalledWith(...expected)\n\nExpected: ObjectContaining {\"message\": \"Tài khoản của bạn đã bị ban.\", \"statusCode\": 401}\n\nNumber of calls: 0\n    at Object.toHaveBeenCalledWith (/home/runner/work/2025_2026_KIEM_THU_PHAN_MEM/2025_2026_KIEM_THU_PHAN_MEM/Back-end/tests/unit/controllers/authController.test.js:808:20)\n    at processTicksAndRejections (node:internal/process/task_queues:95:5)"],"fullName":"Auth Controller - Đăng ký và Xác thực userLoginWith - Đăng nhập bằng Google/Firebase (User) nên từ chối đăng nhập với tài khoản bị ban","invocations":1,"location":null,"numPassingAsserts":0,"retryReasons":[],"status":"failed","title":"nên từ chối đăng nhập với tài khoản bị ban"},{"ancestorTitles":["Auth Controller - Đăng ký và Xác thực","changeStateUser - Thay đổi trạng thái user"],"duration":375,"failureDetails":[{"matcherResult":{"message":"expect(jest.fn()).toHaveBeenCalledWith(...expected)\n\nExpected: 200\n\nNumber of calls: 0","pass":false}}],"failureMessages":["Error: expect(jest.fn()).toHaveBeenCalledWith(...expected)\n\nExpected: 200\n\nNumber of calls: 0\n    at Object.toHaveBeenCalledWith (/home/runner/work/2025_2026_KIEM_THU_PHAN_MEM/2025_2026_KIEM_THU_PHAN_MEM/Back-end/tests/unit/controllers/authController.test.js:839:26)\n    at processTicksAndRejections (node:internal/process/task_queues:95:5)"],"fullName":"Auth Controller - Đăng ký và Xác thực changeStateUser - Thay đổi trạng thái user nên thay đổi trạng thái user thành công","invocations":1,"location":null,"numPassingAsserts":0,"retryReasons":[],"status":"failed","title":"nên thay đổi trạng thái user thành công"},{"ancestorTitles":["Auth Controller - Đăng ký và Xác thực","changeStateUser - Thay đổi trạng thái user"],"duration":342,"failureDetails":[{"matcherResult":{"message":"expect(jest.fn()).toHaveBeenCalled()\n\nExpected number of calls: >= 1\nReceived number of calls:    0","pass":false}}],"failureMessages":["Error: expect(jest.fn()).toHaveBeenCalled()\n\nExpected number of calls: >= 1\nReceived number of calls:    0\n    at Object.toHaveBeenCalled (/home/runner/work/2025_2026_KIEM_THU_PHAN_MEM/2025_2026_KIEM_THU_PHAN_MEM/Back-end/tests/unit/controllers/authController.test.js:854:20)\n    at processTicksAndRejections (node:internal/process/task_queues:95:5)"],"fullName":"Auth Controller - Đăng ký và Xác thực changeStateUser - Thay đổi trạng thái user nên trả về lỗi khi token không hợp lệ","invocations":1,"location":null,"numPassingAsserts":0,"retryReasons":[],"status":"failed","title":"nên trả về lỗi khi token không hợp lệ"}],"endTime":1765820454095,"message":"  ● Auth Controller - Đăng ký và Xác thực › signup - Đăng ký người dùng › nên tạo người dùng mới thành công\n\n    expect(jest.fn()).toHaveBeenCalledWith(...expected)\n\n    Expected: 201\n\n    Number of calls: 0\n\n    \u001b[0m \u001b[90m 53 |\u001b[39m       \u001b[36mawait\u001b[39m authController\u001b[33m.\u001b[39msignup(req\u001b[33m,\u001b[39m res\u001b[33m,\u001b[39m next)\u001b[33m;\u001b[39m\n     \u001b[90m 54 |\u001b[39m\n    \u001b[31m\u001b[1m>\u001b[22m\u001b[39m\u001b[90m 55 |\u001b[39m       expect(res\u001b[33m.\u001b[39mstatus)\u001b[33m.\u001b[39mtoHaveBeenCalledWith(\u001b[35m201\u001b[39m)\u001b[33m;\u001b[39m\n     \u001b[90m    |\u001b[39m                          \u001b[31m\u001b[1m^\u001b[22m\u001b[39m\n     \u001b[90m 56 |\u001b[39m       expect(res\u001b[33m.\u001b[39mjson)\u001b[33m.\u001b[39mtoHaveBeenCalled()\u001b[33m;\u001b[39m\n     \u001b[90m 57 |\u001b[39m       expect(res\u001b[33m.\u001b[39mjson\u001b[33m.\u001b[39mmock\u001b[33m.\u001b[39mcalls[\u001b[35m0\u001b[39m][\u001b[35m0\u001b[39m])\u001b[33m.\u001b[39mtoMatchObject({\n     \u001b[90m 58 |\u001b[39m         status\u001b[33m:\u001b[39m \u001b[32m'success'\u001b[39m\u001b[33m,\u001b[39m\u001b[0m\n\n      at Object.toHaveBeenCalledWith (tests/unit/controllers/authController.test.js:55:26)\n\n  ● Auth Controller - Đăng ký và Xác thực › signup - Đăng ký người dùng › nên trả về lỗi khi email đã tồn tại\n\n    expect(jest.fn()).toHaveBeenCalledWith(...expected)\n\n    Expected: ObjectContaining {\"message\": \"Email này đã được đăng ký.\", \"statusCode\": 500}\n\n    Number of calls: 0\n\n    \u001b[0m \u001b[90m 94 |\u001b[39m       \u001b[36mawait\u001b[39m authController\u001b[33m.\u001b[39msignup(req\u001b[33m,\u001b[39m res\u001b[33m,\u001b[39m next)\u001b[33m;\u001b[39m\n     \u001b[90m 95 |\u001b[39m\n    \u001b[31m\u001b[1m>\u001b[22m\u001b[39m\u001b[90m 96 |\u001b[39m       expect(next)\u001b[33m.\u001b[39mtoHaveBeenCalledWith(\n     \u001b[90m    |\u001b[39m                    \u001b[31m\u001b[1m^\u001b[22m\u001b[39m\n     \u001b[90m 97 |\u001b[39m         expect\u001b[33m.\u001b[39mobjectContaining({\n     \u001b[90m 98 |\u001b[39m           message\u001b[33m:\u001b[39m \u001b[32m'Email này đã được đăng ký.'\u001b[39m\u001b[33m,\u001b[39m\n     \u001b[90m 99 |\u001b[39m           statusCode\u001b[33m:\u001b[39m \u001b[35m500\u001b[39m\u001b[33m,\u001b[39m\u001b[0m\n\n      at Object.toHaveBeenCalledWith (tests/unit/controllers/authController.test.js:96:20)\n\n  ● Auth Controller - Đăng ký và Xác thực › signup - Đăng ký người dùng › nên hash password trước khi lưu\n\n    TypeError: Cannot read properties of null (reading 'password')\n\n    \u001b[0m \u001b[90m 113 |\u001b[39m\n     \u001b[90m 114 |\u001b[39m       \u001b[36mconst\u001b[39m user \u001b[33m=\u001b[39m \u001b[36mawait\u001b[39m \u001b[33mUser\u001b[39m\u001b[33m.\u001b[39mfindOne({ email\u001b[33m:\u001b[39m \u001b[32m'test2@example.com'\u001b[39m })\u001b[33m.\u001b[39mselect(\u001b[32m'+password'\u001b[39m)\u001b[33m;\u001b[39m\n    \u001b[31m\u001b[1m>\u001b[22m\u001b[39m\u001b[90m 115 |\u001b[39m       expect(user\u001b[33m.\u001b[39mpassword)\u001b[33m.\u001b[39mnot\u001b[33m.\u001b[39mtoBe(\u001b[32m'password123'\u001b[39m)\u001b[33m;\u001b[39m\n     \u001b[90m     |\u001b[39m                   \u001b[31m\u001b[1m^\u001b[22m\u001b[39m\n     \u001b[90m 116 |\u001b[39m       expect(user\u001b[33m.\u001b[39mpassword)\u001b[33m.\u001b[39mtoHaveLength(\u001b[35m60\u001b[39m)\u001b[33m;\u001b[39m \u001b[90m// bcrypt hash length\u001b[39m\n     \u001b[90m 117 |\u001b[39m     })\u001b[33m;\u001b[39m\n     \u001b[90m 118 |\u001b[39m   })\u001b[33m;\u001b[39m\u001b[0m\n\n      at Object.password (tests/unit/controllers/authController.test.js:115:19)\n\n  ● Auth Controller - Đăng ký và Xác thực › signupAdmin - Đăng ký admin › nên tạo admin mới thành công\n\n    expect(jest.fn()).toHaveBeenCalledWith(...expected)\n\n    Expected: 201\n\n    Number of calls: 0\n\n    \u001b[0m \u001b[90m 129 |\u001b[39m       \u001b[36mawait\u001b[39m authController\u001b[33m.\u001b[39msignupAdmin(req\u001b[33m,\u001b[39m res\u001b[33m,\u001b[39m next)\u001b[33m;\u001b[39m\n     \u001b[90m 130 |\u001b[39m\n    \u001b[31m\u001b[1m>\u001b[22m\u001b[39m\u001b[90m 131 |\u001b[39m       expect(res\u001b[33m.\u001b[39mstatus)\u001b[33m.\u001b[39mtoHaveBeenCalledWith(\u001b[35m201\u001b[39m)\u001b[33m;\u001b[39m\n     \u001b[90m     |\u001b[39m                          \u001b[31m\u001b[1m^\u001b[22m\u001b[39m\n     \u001b[90m 132 |\u001b[39m       expect(res\u001b[33m.\u001b[39mjson)\u001b[33m.\u001b[39mtoHaveBeenCalledWith({\n     \u001b[90m 133 |\u001b[39m         status\u001b[33m:\u001b[39m \u001b[32m'success'\u001b[39m\u001b[33m,\u001b[39m\n     \u001b[90m 134 |\u001b[39m         message\u001b[33m:\u001b[39m \u001b[32m'Đăng ký admin thành công!'\u001b[39m\u001b[33m,\u001b[39m\u001b[0m\n\n      at Object.toHaveBeenCalledWith (tests/unit/controllers/authController.test.js:131:26)\n\n  ● Auth Controller - Đăng ký và Xác thực › signupAdmin - Đăng ký admin › nên trả về lỗi khi email admin đã tồn tại\n\n    expect(jest.fn()).toHaveBeenCalledWith(...expected)\n\n    Expected: ObjectContaining {\"message\": \"Email này đã được đăng ký.\", \"statusCode\": 500}\n\n    Number of calls: 0\n\n    \u001b[0m \u001b[90m 166 |\u001b[39m       \u001b[36mawait\u001b[39m authController\u001b[33m.\u001b[39msignupAdmin(req\u001b[33m,\u001b[39m res\u001b[33m,\u001b[39m next)\u001b[33m;\u001b[39m\n     \u001b[90m 167 |\u001b[39m\n    \u001b[31m\u001b[1m>\u001b[22m\u001b[39m\u001b[90m 168 |\u001b[39m       expect(next)\u001b[33m.\u001b[39mtoHaveBeenCalledWith(\n     \u001b[90m     |\u001b[39m                    \u001b[31m\u001b[1m^\u001b[22m\u001b[39m\n     \u001b[90m 169 |\u001b[39m         expect\u001b[33m.\u001b[39mobjectContaining({\n     \u001b[90m 170 |\u001b[39m           message\u001b[33m:\u001b[39m \u001b[32m'Email này đã được đăng ký.'\u001b[39m\u001b[33m,\u001b[39m\n     \u001b[90m 171 |\u001b[39m           statusCode\u001b[33m:\u001b[39m \u001b[35m500\u001b[39m\u001b[33m,\u001b[39m\u001b[0m\n\n      at Object.toHaveBeenCalledWith (tests/unit/controllers/authController.test.js:168:20)\n\n  ● Auth Controller - Đăng ký và Xác thực › login - Đăng nhập › nên đăng nhập thành công với email và password đúng\n\n    expect(jest.fn()).toHaveBeenCalledWith(...expected)\n\n    Expected: 200\n\n    Number of calls: 0\n\n    \u001b[0m \u001b[90m 196 |\u001b[39m       \u001b[36mawait\u001b[39m authController\u001b[33m.\u001b[39mlogin(req\u001b[33m,\u001b[39m res\u001b[33m,\u001b[39m next)\u001b[33m;\u001b[39m\n     \u001b[90m 197 |\u001b[39m\n    \u001b[31m\u001b[1m>\u001b[22m\u001b[39m\u001b[90m 198 |\u001b[39m       expect(res\u001b[33m.\u001b[39mstatus)\u001b[33m.\u001b[39mtoHaveBeenCalledWith(\u001b[35m200\u001b[39m)\u001b[33m;\u001b[39m\n     \u001b[90m     |\u001b[39m                          \u001b[31m\u001b[1m^\u001b[22m\u001b[39m\n     \u001b[90m 199 |\u001b[39m       expect(res\u001b[33m.\u001b[39mjson)\u001b[33m.\u001b[39mtoHaveBeenCalled()\u001b[33m;\u001b[39m\n     \u001b[90m 200 |\u001b[39m       expect(res\u001b[33m.\u001b[39mjson\u001b[33m.\u001b[39mmock\u001b[33m.\u001b[39mcalls[\u001b[35m0\u001b[39m][\u001b[35m0\u001b[39m])\u001b[33m.\u001b[39mtoMatchObject({\n     \u001b[90m 201 |\u001b[39m         status\u001b[33m:\u001b[39m \u001b[32m'success'\u001b[39m\u001b[33m,\u001b[39m\u001b[0m\n\n      at Object.toHaveBeenCalledWith (tests/unit/controllers/authController.test.js:198:26)\n\n  ● Auth Controller - Đăng ký và Xác thực › login - Đăng nhập › nên trả về lỗi khi email không tồn tại\n\n    expect(jest.fn()).toHaveBeenCalledWith(...expected)\n\n    Expected: ObjectContaining {\"message\": \"Email hoặc mật khẩu không chính xác\", \"statusCode\": 401}\n\n    Number of calls: 0\n\n    \u001b[0m \u001b[90m 235 |\u001b[39m       \u001b[36mawait\u001b[39m authController\u001b[33m.\u001b[39mlogin(req\u001b[33m,\u001b[39m res\u001b[33m,\u001b[39m next)\u001b[33m;\u001b[39m\n     \u001b[90m 236 |\u001b[39m\n    \u001b[31m\u001b[1m>\u001b[22m\u001b[39m\u001b[90m 237 |\u001b[39m       expect(next)\u001b[33m.\u001b[39mtoHaveBeenCalledWith(\n     \u001b[90m     |\u001b[39m                    \u001b[31m\u001b[1m^\u001b[22m\u001b[39m\n     \u001b[90m 238 |\u001b[39m         expect\u001b[33m.\u001b[39mobjectContaining({\n     \u001b[90m 239 |\u001b[39m           message\u001b[33m:\u001b[39m \u001b[32m'Email hoặc mật khẩu không chính xác'\u001b[39m\u001b[33m,\u001b[39m\n     \u001b[90m 240 |\u001b[39m           statusCode\u001b[33m:\u001b[39m \u001b[35m401\u001b[39m\u001b[33m,\u001b[39m\u001b[0m\n\n      at Object.toHaveBeenCalledWith (tests/unit/controllers/authController.test.js:237:20)\n\n  ● Auth Controller - Đăng ký và Xác thực › login - Đăng nhập › nên trả về lỗi khi password sai\n\n    expect(jest.fn()).toHaveBeenCalledWith(...expected)\n\n    Expected: ObjectContaining {\"message\": \"Email hoặc mật khẩu không chính xác\", \"statusCode\": 401}\n\n    Number of calls: 0\n\n    \u001b[0m \u001b[90m 251 |\u001b[39m       \u001b[36mawait\u001b[39m authController\u001b[33m.\u001b[39mlogin(req\u001b[33m,\u001b[39m res\u001b[33m,\u001b[39m next)\u001b[33m;\u001b[39m\n     \u001b[90m 252 |\u001b[39m\n    \u001b[31m\u001b[1m>\u001b[22m\u001b[39m\u001b[90m 253 |\u001b[39m       expect(next)\u001b[33m.\u001b[39mtoHaveBeenCalledWith(\n     \u001b[90m     |\u001b[39m                    \u001b[31m\u001b[1m^\u001b[22m\u001b[39m\n     \u001b[90m 254 |\u001b[39m         expect\u001b[33m.\u001b[39mobjectContaining({\n     \u001b[90m 255 |\u001b[39m           message\u001b[33m:\u001b[39m \u001b[32m'Email hoặc mật khẩu không chính xác'\u001b[39m\u001b[33m,\u001b[39m\n     \u001b[90m 256 |\u001b[39m           statusCode\u001b[33m:\u001b[39m \u001b[35m401\u001b[39m\u001b[33m,\u001b[39m\u001b[0m\n\n      at Object.toHaveBeenCalledWith (tests/unit/controllers/authController.test.js:253:20)\n\n  ● Auth Controller - Đăng ký và Xác thực › login - Đăng nhập › nên tự động active user nếu status là verify\n\n    expect(jest.fn()).toHaveBeenCalledWith(...expected)\n\n    Expected: 201\n\n    Number of calls: 0\n\n    \u001b[0m \u001b[90m 275 |\u001b[39m       \u001b[36mawait\u001b[39m authController\u001b[33m.\u001b[39mlogin(req\u001b[33m,\u001b[39m res\u001b[33m,\u001b[39m next)\u001b[33m;\u001b[39m\n     \u001b[90m 276 |\u001b[39m\n    \u001b[31m\u001b[1m>\u001b[22m\u001b[39m\u001b[90m 277 |\u001b[39m       expect(res\u001b[33m.\u001b[39mstatus)\u001b[33m.\u001b[39mtoHaveBeenCalledWith(\u001b[35m201\u001b[39m)\u001b[33m;\u001b[39m\n     \u001b[90m     |\u001b[39m                          \u001b[31m\u001b[1m^\u001b[22m\u001b[39m\n     \u001b[90m 278 |\u001b[39m       \n     \u001b[90m 279 |\u001b[39m       \u001b[36mconst\u001b[39m updatedUser \u001b[33m=\u001b[39m \u001b[36mawait\u001b[39m \u001b[33mUser\u001b[39m\u001b[33m.\u001b[39mfindById(verifyUser\u001b[33m.\u001b[39m_id)\u001b[33m;\u001b[39m\n     \u001b[90m 280 |\u001b[39m       expect(updatedUser\u001b[33m.\u001b[39mactive)\u001b[33m.\u001b[39mtoBe(\u001b[32m'active'\u001b[39m)\u001b[33m;\u001b[39m\u001b[0m\n\n      at Object.toHaveBeenCalledWith (tests/unit/controllers/authController.test.js:277:26)\n\n  ● Auth Controller - Đăng ký và Xác thực › verifyUser - Xác thực người dùng › nên xác thực user thành công với token hợp lệ\n\n    expect(jest.fn()).toHaveBeenCalledWith(...expected)\n\n    Expected: 200\n\n    Number of calls: 0\n\n    \u001b[0m \u001b[90m 305 |\u001b[39m       \u001b[36mawait\u001b[39m authController\u001b[33m.\u001b[39mverifyUser(req\u001b[33m,\u001b[39m res\u001b[33m,\u001b[39m next)\u001b[33m;\u001b[39m\n     \u001b[90m 306 |\u001b[39m\n    \u001b[31m\u001b[1m>\u001b[22m\u001b[39m\u001b[90m 307 |\u001b[39m       expect(res\u001b[33m.\u001b[39mstatus)\u001b[33m.\u001b[39mtoHaveBeenCalledWith(\u001b[35m200\u001b[39m)\u001b[33m;\u001b[39m\n     \u001b[90m     |\u001b[39m                          \u001b[31m\u001b[1m^\u001b[22m\u001b[39m\n     \u001b[90m 308 |\u001b[39m       expect(res\u001b[33m.\u001b[39mjson)\u001b[33m.\u001b[39mtoHaveBeenCalled()\u001b[33m;\u001b[39m\n     \u001b[90m 309 |\u001b[39m       \n     \u001b[90m 310 |\u001b[39m       \u001b[36mconst\u001b[39m updatedUser \u001b[33m=\u001b[39m \u001b[36mawait\u001b[39m \u001b[33mUser\u001b[39m\u001b[33m.\u001b[39mfindById(user\u001b[33m.\u001b[39m_id)\u001b[33m;\u001b[39m\u001b[0m\n\n      at Object.toHaveBeenCalledWith (tests/unit/controllers/authController.test.js:307:26)\n\n  ● Auth Controller - Đăng ký và Xác thực › verifyUser - Xác thực người dùng › nên trả về lỗi khi token không hợp lệ\n\n    expect(jest.fn()).toHaveBeenCalledWith(...expected)\n\n    Expected: ObjectContaining {\"message\": \"Mã xác nhận không hợp lệ hoặc đã hết hạn\", \"statusCode\": 400}\n\n    Number of calls: 0\n\n    \u001b[0m \u001b[90m 320 |\u001b[39m       \u001b[36mawait\u001b[39m authController\u001b[33m.\u001b[39mverifyUser(req\u001b[33m,\u001b[39m res\u001b[33m,\u001b[39m next)\u001b[33m;\u001b[39m\n     \u001b[90m 321 |\u001b[39m\n    \u001b[31m\u001b[1m>\u001b[22m\u001b[39m\u001b[90m 322 |\u001b[39m       expect(next)\u001b[33m.\u001b[39mtoHaveBeenCalledWith(\n     \u001b[90m     |\u001b[39m                    \u001b[31m\u001b[1m^\u001b[22m\u001b[39m\n     \u001b[90m 323 |\u001b[39m         expect\u001b[33m.\u001b[39mobjectContaining({\n     \u001b[90m 324 |\u001b[39m           message\u001b[33m:\u001b[39m \u001b[32m'Mã xác nhận không hợp lệ hoặc đã hết hạn'\u001b[39m\u001b[33m,\u001b[39m\n     \u001b[90m 325 |\u001b[39m           statusCode\u001b[33m:\u001b[39m \u001b[35m400\u001b[39m\u001b[33m,\u001b[39m\u001b[0m\n\n      at Object.toHaveBeenCalledWith (tests/unit/controllers/authController.test.js:322:20)\n\n  ● Auth Controller - Đăng ký và Xác thực › forgotPassword - Quên mật khẩu › nên tạo reset token và gửi email\n\n    expect(jest.fn()).toHaveBeenCalled()\n\n    Expected number of calls: >= 1\n    Received number of calls:    0\n\n    \u001b[0m \u001b[90m 344 |\u001b[39m       \u001b[36mawait\u001b[39m authController\u001b[33m.\u001b[39mforgotPassword(req\u001b[33m,\u001b[39m res\u001b[33m,\u001b[39m next)\u001b[33m;\u001b[39m\n     \u001b[90m 345 |\u001b[39m\n    \u001b[31m\u001b[1m>\u001b[22m\u001b[39m\u001b[90m 346 |\u001b[39m       expect(sendEmail)\u001b[33m.\u001b[39mtoHaveBeenCalled()\u001b[33m;\u001b[39m\n     \u001b[90m     |\u001b[39m                         \u001b[31m\u001b[1m^\u001b[22m\u001b[39m\n     \u001b[90m 347 |\u001b[39m       expect(res\u001b[33m.\u001b[39mstatus)\u001b[33m.\u001b[39mtoHaveBeenCalledWith(\u001b[35m200\u001b[39m)\u001b[33m;\u001b[39m\n     \u001b[90m 348 |\u001b[39m       expect(res\u001b[33m.\u001b[39mjson)\u001b[33m.\u001b[39mtoHaveBeenCalledWith({\n     \u001b[90m 349 |\u001b[39m         status\u001b[33m:\u001b[39m \u001b[32m'success'\u001b[39m\u001b[33m,\u001b[39m\u001b[0m\n\n      at Object.toHaveBeenCalled (tests/unit/controllers/authController.test.js:346:25)\n\n  ● Auth Controller - Đăng ký và Xác thực › forgotPassword - Quên mật khẩu › nên trả về lỗi khi email không tồn tại\n\n    expect(jest.fn()).toHaveBeenCalledWith(...expected)\n\n    Expected: ObjectContaining {\"message\": \"Tài khoản này không tồn tại. Vui lòng đăng ký để sử dụng\", \"statusCode\": 404}\n\n    Number of calls: 0\n\n    \u001b[0m \u001b[90m 363 |\u001b[39m       \u001b[36mawait\u001b[39m authController\u001b[33m.\u001b[39mforgotPassword(req\u001b[33m,\u001b[39m res\u001b[33m,\u001b[39m next)\u001b[33m;\u001b[39m\n     \u001b[90m 364 |\u001b[39m\n    \u001b[31m\u001b[1m>\u001b[22m\u001b[39m\u001b[90m 365 |\u001b[39m       expect(next)\u001b[33m.\u001b[39mtoHaveBeenCalledWith(\n     \u001b[90m     |\u001b[39m                    \u001b[31m\u001b[1m^\u001b[22m\u001b[39m\n     \u001b[90m 366 |\u001b[39m         expect\u001b[33m.\u001b[39mobjectContaining({\n     \u001b[90m 367 |\u001b[39m           message\u001b[33m:\u001b[39m \u001b[32m'Tài khoản này không tồn tại. Vui lòng đăng ký để sử dụng'\u001b[39m\u001b[33m,\u001b[39m\n     \u001b[90m 368 |\u001b[39m           statusCode\u001b[33m:\u001b[39m \u001b[35m404\u001b[39m\u001b[33m,\u001b[39m\u001b[0m\n\n      at Object.toHaveBeenCalledWith (tests/unit/controllers/authController.test.js:365:20)\n\n  ● Auth Controller - Đăng ký và Xác thực › verifyResetPass - Xác thực reset password token › nên xác thực token reset password hợp lệ\n\n    expect(jest.fn()).toHaveBeenCalledWith(...expected)\n\n    Expected: 200\n\n    Number of calls: 0\n\n    \u001b[0m \u001b[90m 395 |\u001b[39m       \u001b[36mawait\u001b[39m authController\u001b[33m.\u001b[39mverifyResetPass(req\u001b[33m,\u001b[39m res\u001b[33m,\u001b[39m next)\u001b[33m;\u001b[39m\n     \u001b[90m 396 |\u001b[39m\n    \u001b[31m\u001b[1m>\u001b[22m\u001b[39m\u001b[90m 397 |\u001b[39m       expect(res\u001b[33m.\u001b[39mstatus)\u001b[33m.\u001b[39mtoHaveBeenCalledWith(\u001b[35m200\u001b[39m)\u001b[33m;\u001b[39m\n     \u001b[90m     |\u001b[39m                          \u001b[31m\u001b[1m^\u001b[22m\u001b[39m\n     \u001b[90m 398 |\u001b[39m       expect(res\u001b[33m.\u001b[39mjson)\u001b[33m.\u001b[39mtoHaveBeenCalledWith({\n     \u001b[90m 399 |\u001b[39m         status\u001b[33m:\u001b[39m \u001b[32m'success'\u001b[39m\u001b[33m,\u001b[39m\n     \u001b[90m 400 |\u001b[39m         hashedToken\u001b[33m:\u001b[39m expect\u001b[33m.\u001b[39many(\u001b[33mString\u001b[39m)\u001b[33m,\u001b[39m\u001b[0m\n\n      at Object.toHaveBeenCalledWith (tests/unit/controllers/authController.test.js:397:26)\n\n  ● Auth Controller - Đăng ký và Xác thực › verifyResetPass - Xác thực reset password token › nên trả về lỗi khi token không hợp lệ hoặc hết hạn\n\n    expect(jest.fn()).toHaveBeenCalledWith(...expected)\n\n    Expected: ObjectContaining {\"message\": \"Token không hợp lệ hoặc đã hết hạn\", \"statusCode\": 400}\n\n    Number of calls: 0\n\n    \u001b[0m \u001b[90m 409 |\u001b[39m       \u001b[36mawait\u001b[39m authController\u001b[33m.\u001b[39mverifyResetPass(req\u001b[33m,\u001b[39m res\u001b[33m,\u001b[39m next)\u001b[33m;\u001b[39m\n     \u001b[90m 410 |\u001b[39m\n    \u001b[31m\u001b[1m>\u001b[22m\u001b[39m\u001b[90m 411 |\u001b[39m       expect(next)\u001b[33m.\u001b[39mtoHaveBeenCalledWith(\n     \u001b[90m     |\u001b[39m                    \u001b[31m\u001b[1m^\u001b[22m\u001b[39m\n     \u001b[90m 412 |\u001b[39m         expect\u001b[33m.\u001b[39mobjectContaining({\n     \u001b[90m 413 |\u001b[39m           message\u001b[33m:\u001b[39m \u001b[32m'Token không hợp lệ hoặc đã hết hạn'\u001b[39m\u001b[33m,\u001b[39m\n     \u001b[90m 414 |\u001b[39m           statusCode\u001b[33m:\u001b[39m \u001b[35m400\u001b[39m\u001b[33m,\u001b[39m\u001b[0m\n\n      at Object.toHaveBeenCalledWith (tests/unit/controllers/authController.test.js:411:20)\n\n  ● Auth Controller - Đăng ký và Xác thực › resetPassword - Đặt lại mật khẩu › nên đặt lại mật khẩu thành công với token hợp lệ\n\n    expect(jest.fn()).toHaveBeenCalledWith(...expected)\n\n    Expected: 200\n\n    Number of calls: 0\n\n    \u001b[0m \u001b[90m 445 |\u001b[39m       \u001b[36mawait\u001b[39m authController\u001b[33m.\u001b[39mresetPassword(req\u001b[33m,\u001b[39m res\u001b[33m,\u001b[39m next)\u001b[33m;\u001b[39m\n     \u001b[90m 446 |\u001b[39m\n    \u001b[31m\u001b[1m>\u001b[22m\u001b[39m\u001b[90m 447 |\u001b[39m       expect(res\u001b[33m.\u001b[39mstatus)\u001b[33m.\u001b[39mtoHaveBeenCalledWith(\u001b[35m200\u001b[39m)\u001b[33m;\u001b[39m\n     \u001b[90m     |\u001b[39m                          \u001b[31m\u001b[1m^\u001b[22m\u001b[39m\n     \u001b[90m 448 |\u001b[39m       expect(res\u001b[33m.\u001b[39mjson)\u001b[33m.\u001b[39mtoHaveBeenCalled()\u001b[33m;\u001b[39m\n     \u001b[90m 449 |\u001b[39m       \n     \u001b[90m 450 |\u001b[39m       \u001b[36mconst\u001b[39m updatedUser \u001b[33m=\u001b[39m \u001b[36mawait\u001b[39m \u001b[33mUser\u001b[39m\u001b[33m.\u001b[39mfindById(user\u001b[33m.\u001b[39m_id)\u001b[33m.\u001b[39mselect(\u001b[32m'+password'\u001b[39m)\u001b[33m;\u001b[39m\u001b[0m\n\n      at Object.toHaveBeenCalledWith (tests/unit/controllers/authController.test.js:447:26)\n\n  ● Auth Controller - Đăng ký và Xác thực › resetPassword - Đặt lại mật khẩu › nên trả về lỗi khi token không hợp lệ\n\n    expect(jest.fn()).toHaveBeenCalledWith(...expected)\n\n    Expected: ObjectContaining {\"message\": StringContaining \"không hợp lệ hoặc đã hết hạn\", \"statusCode\": 400}\n\n    Number of calls: 0\n\n    \u001b[0m \u001b[90m 468 |\u001b[39m       \u001b[36mawait\u001b[39m authController\u001b[33m.\u001b[39mresetPassword(req\u001b[33m,\u001b[39m res\u001b[33m,\u001b[39m next)\u001b[33m;\u001b[39m\n     \u001b[90m 469 |\u001b[39m\n    \u001b[31m\u001b[1m>\u001b[22m\u001b[39m\u001b[90m 470 |\u001b[39m       expect(next)\u001b[33m.\u001b[39mtoHaveBeenCalledWith(\n     \u001b[90m     |\u001b[39m                    \u001b[31m\u001b[1m^\u001b[22m\u001b[39m\n     \u001b[90m 471 |\u001b[39m         expect\u001b[33m.\u001b[39mobjectContaining({\n     \u001b[90m 472 |\u001b[39m           message\u001b[33m:\u001b[39m expect\u001b[33m.\u001b[39mstringContaining(\u001b[32m'không hợp lệ hoặc đã hết hạn'\u001b[39m)\u001b[33m,\u001b[39m\n     \u001b[90m 473 |\u001b[39m           statusCode\u001b[33m:\u001b[39m \u001b[35m400\u001b[39m\u001b[33m,\u001b[39m\u001b[0m\n\n      at Object.toHaveBeenCalledWith (tests/unit/controllers/authController.test.js:470:20)\n\n  ● Auth Controller - Đăng ký và Xác thực › updatePassword - Cập nhật mật khẩu › nên cập nhật mật khẩu thành công với password hiện tại đúng\n\n    expect(jest.fn()).toHaveBeenCalledWith(...expected)\n\n    Expected: 200\n\n    Number of calls: 0\n\n    \u001b[0m \u001b[90m 499 |\u001b[39m       \u001b[36mawait\u001b[39m authController\u001b[33m.\u001b[39mupdatePassword(req\u001b[33m,\u001b[39m res\u001b[33m,\u001b[39m next)\u001b[33m;\u001b[39m\n     \u001b[90m 500 |\u001b[39m\n    \u001b[31m\u001b[1m>\u001b[22m\u001b[39m\u001b[90m 501 |\u001b[39m       expect(res\u001b[33m.\u001b[39mstatus)\u001b[33m.\u001b[39mtoHaveBeenCalledWith(\u001b[35m200\u001b[39m)\u001b[33m;\u001b[39m\n     \u001b[90m     |\u001b[39m                          \u001b[31m\u001b[1m^\u001b[22m\u001b[39m\n     \u001b[90m 502 |\u001b[39m       expect(res\u001b[33m.\u001b[39mjson)\u001b[33m.\u001b[39mtoHaveBeenCalled()\u001b[33m;\u001b[39m\n     \u001b[90m 503 |\u001b[39m       \n     \u001b[90m 504 |\u001b[39m       \u001b[36mconst\u001b[39m updatedUser \u001b[33m=\u001b[39m \u001b[36mawait\u001b[39m \u001b[33mUser\u001b[39m\u001b[33m.\u001b[39mfindById(user\u001b[33m.\u001b[39m_id)\u001b[33m.\u001b[39mselect(\u001b[32m'+password'\u001b[39m)\u001b[33m;\u001b[39m\u001b[0m\n\n      at Object.toHaveBeenCalledWith (tests/unit/controllers/authController.test.js:501:26)\n\n  ● Auth Controller - Đăng ký và Xác thực › updatePassword - Cập nhật mật khẩu › nên trả về lỗi khi password hiện tại sai\n\n    expect(jest.fn()).toHaveBeenCalledWith(...expected)\n\n    Expected: ObjectContaining {\"message\": \"Mật khẩu hiện tại chưa chính xác.\", \"statusCode\": 401}\n\n    Number of calls: 0\n\n    \u001b[0m \u001b[90m 516 |\u001b[39m       \u001b[36mawait\u001b[39m authController\u001b[33m.\u001b[39mupdatePassword(req\u001b[33m,\u001b[39m res\u001b[33m,\u001b[39m next)\u001b[33m;\u001b[39m\n     \u001b[90m 517 |\u001b[39m\n    \u001b[31m\u001b[1m>\u001b[22m\u001b[39m\u001b[90m 518 |\u001b[39m       expect(next)\u001b[33m.\u001b[39mtoHaveBeenCalledWith(\n     \u001b[90m     |\u001b[39m                    \u001b[31m\u001b[1m^\u001b[22m\u001b[39m\n     \u001b[90m 519 |\u001b[39m         expect\u001b[33m.\u001b[39mobjectContaining({\n     \u001b[90m 520 |\u001b[39m           message\u001b[33m:\u001b[39m \u001b[32m'Mật khẩu hiện tại chưa chính xác.'\u001b[39m\u001b[33m,\u001b[39m\n     \u001b[90m 521 |\u001b[39m           statusCode\u001b[33m:\u001b[39m \u001b[35m401\u001b[39m\u001b[33m,\u001b[39m\u001b[0m\n\n      at Object.toHaveBeenCalledWith (tests/unit/controllers/authController.test.js:518:20)\n\n  ● Auth Controller - Đăng ký và Xác thực › protect - Middleware bảo vệ route › nên cho phép truy cập với token hợp lệ trong header\n\n    expect(received).toBeTruthy()\n\n    Received: null\n\n    \u001b[0m \u001b[90m 560 |\u001b[39m       \u001b[36mawait\u001b[39m authController\u001b[33m.\u001b[39mprotect(req\u001b[33m,\u001b[39m res\u001b[33m,\u001b[39m next)\u001b[33m;\u001b[39m\n     \u001b[90m 561 |\u001b[39m\n    \u001b[31m\u001b[1m>\u001b[22m\u001b[39m\u001b[90m 562 |\u001b[39m       expect(req\u001b[33m.\u001b[39muser)\u001b[33m.\u001b[39mtoBeTruthy()\u001b[33m;\u001b[39m\n     \u001b[90m     |\u001b[39m                        \u001b[31m\u001b[1m^\u001b[22m\u001b[39m\n     \u001b[90m 563 |\u001b[39m       expect(req\u001b[33m.\u001b[39muser\u001b[33m.\u001b[39m_id\u001b[33m.\u001b[39mtoString())\u001b[33m.\u001b[39mtoBe(user\u001b[33m.\u001b[39m_id\u001b[33m.\u001b[39mtoString())\u001b[33m;\u001b[39m\n     \u001b[90m 564 |\u001b[39m       expect(next)\u001b[33m.\u001b[39mtoHaveBeenCalled()\u001b[33m;\u001b[39m\n     \u001b[90m 565 |\u001b[39m       expect(res\u001b[33m.\u001b[39mstatus)\u001b[33m.\u001b[39mnot\u001b[33m.\u001b[39mtoHaveBeenCalled()\u001b[33m;\u001b[39m\u001b[0m\n\n      at Object.toBeTruthy (tests/unit/controllers/authController.test.js:562:24)\n\n  ● Auth Controller - Đăng ký và Xác thực › protect - Middleware bảo vệ route › nên cho phép truy cập với token hợp lệ trong cookie\n\n    expect(received).toBeTruthy()\n\n    Received: null\n\n    \u001b[0m \u001b[90m 572 |\u001b[39m       \u001b[36mawait\u001b[39m authController\u001b[33m.\u001b[39mprotect(req\u001b[33m,\u001b[39m res\u001b[33m,\u001b[39m next)\u001b[33m;\u001b[39m\n     \u001b[90m 573 |\u001b[39m\n    \u001b[31m\u001b[1m>\u001b[22m\u001b[39m\u001b[90m 574 |\u001b[39m       expect(req\u001b[33m.\u001b[39muser)\u001b[33m.\u001b[39mtoBeTruthy()\u001b[33m;\u001b[39m\n     \u001b[90m     |\u001b[39m                        \u001b[31m\u001b[1m^\u001b[22m\u001b[39m\n     \u001b[90m 575 |\u001b[39m       expect(next)\u001b[33m.\u001b[39mtoHaveBeenCalled()\u001b[33m;\u001b[39m\n     \u001b[90m 576 |\u001b[39m     })\u001b[33m;\u001b[39m\n     \u001b[90m 577 |\u001b[39m\u001b[0m\n\n      at Object.toBeTruthy (tests/unit/controllers/authController.test.js:574:24)\n\n  ● Auth Controller - Đăng ký và Xác thực › protect - Middleware bảo vệ route › nên trả về lỗi khi user không còn tồn tại\n\n    expect(jest.fn()).toHaveBeenCalledWith(...expected)\n\n    Expected: ObjectContaining {\"message\": \"Token người dùng không còn tồn tại.\", \"statusCode\": 401}\n\n    Number of calls: 0\n\n    \u001b[0m \u001b[90m 593 |\u001b[39m       \u001b[36mawait\u001b[39m authController\u001b[33m.\u001b[39mprotect(req\u001b[33m,\u001b[39m res\u001b[33m,\u001b[39m next)\u001b[33m;\u001b[39m\n     \u001b[90m 594 |\u001b[39m\n    \u001b[31m\u001b[1m>\u001b[22m\u001b[39m\u001b[90m 595 |\u001b[39m       expect(next)\u001b[33m.\u001b[39mtoHaveBeenCalledWith(\n     \u001b[90m     |\u001b[39m                    \u001b[31m\u001b[1m^\u001b[22m\u001b[39m\n     \u001b[90m 596 |\u001b[39m         expect\u001b[33m.\u001b[39mobjectContaining({\n     \u001b[90m 597 |\u001b[39m           message\u001b[33m:\u001b[39m \u001b[32m'Token người dùng không còn tồn tại.'\u001b[39m\u001b[33m,\u001b[39m\n     \u001b[90m 598 |\u001b[39m           statusCode\u001b[33m:\u001b[39m \u001b[35m401\u001b[39m\u001b[33m,\u001b[39m\u001b[0m\n\n      at Object.toHaveBeenCalledWith (tests/unit/controllers/authController.test.js:595:20)\n\n  ● Auth Controller - Đăng ký và Xác thực › protect - Middleware bảo vệ route › nên trả về lỗi khi password đã thay đổi sau khi token được tạo\n\n    expect(jest.fn()).toHaveBeenCalledWith(...expected)\n\n    Expected: ObjectContaining {\"message\": \"Tài khoản gần đây đã thay đổi mật khẩu! Xin vui lòng đăng nhập lại.\", \"statusCode\": 401}\n\n    Number of calls: 0\n\n    \u001b[0m \u001b[90m 612 |\u001b[39m       \u001b[36mawait\u001b[39m authController\u001b[33m.\u001b[39mprotect(req\u001b[33m,\u001b[39m res\u001b[33m,\u001b[39m next)\u001b[33m;\u001b[39m\n     \u001b[90m 613 |\u001b[39m\n    \u001b[31m\u001b[1m>\u001b[22m\u001b[39m\u001b[90m 614 |\u001b[39m       expect(next)\u001b[33m.\u001b[39mtoHaveBeenCalledWith(\n     \u001b[90m     |\u001b[39m                    \u001b[31m\u001b[1m^\u001b[22m\u001b[39m\n     \u001b[90m 615 |\u001b[39m         expect\u001b[33m.\u001b[39mobjectContaining({\n     \u001b[90m 616 |\u001b[39m           message\u001b[33m:\u001b[39m \u001b[32m'Tài khoản gần đây đã thay đổi mật khẩu! Xin vui lòng đăng nhập lại.'\u001b[39m\u001b[33m,\u001b[39m\n     \u001b[90m 617 |\u001b[39m           statusCode\u001b[33m:\u001b[39m \u001b[35m401\u001b[39m\u001b[33m,\u001b[39m\u001b[0m\n\n      at Object.toHaveBeenCalledWith (tests/unit/controllers/authController.test.js:614:20)\n\n  ● Auth Controller - Đăng ký và Xác thực › googleLogin - Đăng nhập bằng Google (Admin) › nên đăng nhập thành công với admin account\n\n    expect(jest.fn()).toHaveBeenCalledWith(...expected)\n\n    Expected: 200\n\n    Number of calls: 0\n\n    \u001b[0m \u001b[90m 693 |\u001b[39m       \u001b[36mawait\u001b[39m authController\u001b[33m.\u001b[39mgoogleLogin(req\u001b[33m,\u001b[39m res\u001b[33m,\u001b[39m next)\u001b[33m;\u001b[39m\n     \u001b[90m 694 |\u001b[39m\n    \u001b[31m\u001b[1m>\u001b[22m\u001b[39m\u001b[90m 695 |\u001b[39m       expect(res\u001b[33m.\u001b[39mstatus)\u001b[33m.\u001b[39mtoHaveBeenCalledWith(\u001b[35m200\u001b[39m)\u001b[33m;\u001b[39m\n     \u001b[90m     |\u001b[39m                          \u001b[31m\u001b[1m^\u001b[22m\u001b[39m\n     \u001b[90m 696 |\u001b[39m       expect(res\u001b[33m.\u001b[39mjson)\u001b[33m.\u001b[39mtoHaveBeenCalled()\u001b[33m;\u001b[39m\n     \u001b[90m 697 |\u001b[39m       expect(res\u001b[33m.\u001b[39mcookie)\u001b[33m.\u001b[39mtoHaveBeenCalled()\u001b[33m;\u001b[39m\n     \u001b[90m 698 |\u001b[39m     })\u001b[33m;\u001b[39m\u001b[0m\n\n      at Object.toHaveBeenCalledWith (tests/unit/controllers/authController.test.js:695:26)\n\n  ● Auth Controller - Đăng ký và Xác thực › googleLogin - Đăng nhập bằng Google (Admin) › nên từ chối đăng nhập với non-admin account\n\n    expect(jest.fn()).toHaveBeenCalledWith(...expected)\n\n    Expected: 400\n\n    Number of calls: 0\n\n    \u001b[0m \u001b[90m 713 |\u001b[39m       \u001b[36mawait\u001b[39m authController\u001b[33m.\u001b[39mgoogleLogin(req\u001b[33m,\u001b[39m res\u001b[33m,\u001b[39m next)\u001b[33m;\u001b[39m\n     \u001b[90m 714 |\u001b[39m\n    \u001b[31m\u001b[1m>\u001b[22m\u001b[39m\u001b[90m 715 |\u001b[39m       expect(res\u001b[33m.\u001b[39mstatus)\u001b[33m.\u001b[39mtoHaveBeenCalledWith(\u001b[35m400\u001b[39m)\u001b[33m;\u001b[39m\n     \u001b[90m     |\u001b[39m                          \u001b[31m\u001b[1m^\u001b[22m\u001b[39m\n     \u001b[90m 716 |\u001b[39m       expect(res\u001b[33m.\u001b[39mjson)\u001b[33m.\u001b[39mtoHaveBeenCalledWith({\n     \u001b[90m 717 |\u001b[39m         message\u001b[33m:\u001b[39m \u001b[32m'Tài khoản này không được phép truy cập'\u001b[39m\u001b[33m,\u001b[39m\n     \u001b[90m 718 |\u001b[39m       })\u001b[33m;\u001b[39m\u001b[0m\n\n      at Object.toHaveBeenCalledWith (tests/unit/controllers/authController.test.js:715:26)\n\n  ● Auth Controller - Đăng ký và Xác thực › userLoginWith - Đăng nhập bằng Google/Firebase (User) › nên tạo user mới nếu chưa tồn tại\n\n    expect(jest.fn()).toHaveBeenCalledWith(...expected)\n\n    Expected: 200\n\n    Number of calls: 0\n\n    \u001b[0m \u001b[90m 732 |\u001b[39m       \u001b[36mawait\u001b[39m authController\u001b[33m.\u001b[39muserLoginWith(req\u001b[33m,\u001b[39m res\u001b[33m,\u001b[39m next)\u001b[33m;\u001b[39m\n     \u001b[90m 733 |\u001b[39m\n    \u001b[31m\u001b[1m>\u001b[22m\u001b[39m\u001b[90m 734 |\u001b[39m       expect(res\u001b[33m.\u001b[39mstatus)\u001b[33m.\u001b[39mtoHaveBeenCalledWith(\u001b[35m200\u001b[39m)\u001b[33m;\u001b[39m\n     \u001b[90m     |\u001b[39m                          \u001b[31m\u001b[1m^\u001b[22m\u001b[39m\n     \u001b[90m 735 |\u001b[39m       expect(res\u001b[33m.\u001b[39mjson)\u001b[33m.\u001b[39mtoHaveBeenCalled()\u001b[33m;\u001b[39m\n     \u001b[90m 736 |\u001b[39m       \n     \u001b[90m 737 |\u001b[39m       \u001b[36mconst\u001b[39m user \u001b[33m=\u001b[39m \u001b[36mawait\u001b[39m \u001b[33mUser\u001b[39m\u001b[33m.\u001b[39mfindOne({ email\u001b[33m:\u001b[39m \u001b[32m'newuser@google.com'\u001b[39m })\u001b[33m;\u001b[39m\u001b[0m\n\n      at Object.toHaveBeenCalledWith (tests/unit/controllers/authController.test.js:734:26)\n\n  ● Auth Controller - Đăng ký và Xác thực › userLoginWith - Đăng nhập bằng Google/Firebase (User) › nên đăng nhập thành công với user đã tồn tại\n\n    expect(jest.fn()).toHaveBeenCalledWith(...expected)\n\n    Expected: 200\n\n    Number of calls: 0\n\n    \u001b[0m \u001b[90m 760 |\u001b[39m       \u001b[36mawait\u001b[39m authController\u001b[33m.\u001b[39muserLoginWith(req\u001b[33m,\u001b[39m res\u001b[33m,\u001b[39m next)\u001b[33m;\u001b[39m\n     \u001b[90m 761 |\u001b[39m\n    \u001b[31m\u001b[1m>\u001b[22m\u001b[39m\u001b[90m 762 |\u001b[39m       expect(res\u001b[33m.\u001b[39mstatus)\u001b[33m.\u001b[39mtoHaveBeenCalledWith(\u001b[35m200\u001b[39m)\u001b[33m;\u001b[39m\n     \u001b[90m     |\u001b[39m                          \u001b[31m\u001b[1m^\u001b[22m\u001b[39m\n     \u001b[90m 763 |\u001b[39m       expect(res\u001b[33m.\u001b[39mjson)\u001b[33m.\u001b[39mtoHaveBeenCalled()\u001b[33m;\u001b[39m\n     \u001b[90m 764 |\u001b[39m     })\u001b[33m;\u001b[39m\n     \u001b[90m 765 |\u001b[39m\u001b[0m\n\n      at Object.toHaveBeenCalledWith (tests/unit/controllers/authController.test.js:762:26)\n\n  ● Auth Controller - Đăng ký và Xác thực › userLoginWith - Đăng nhập bằng Google/Firebase (User) › nên tự động active user nếu status là verify\n\n    expect(received).toBe(expected) // Object.is equality\n\n    Expected: \"active\"\n    Received: \"verify\"\n\n    \u001b[0m \u001b[90m 784 |\u001b[39m\n     \u001b[90m 785 |\u001b[39m       \u001b[36mconst\u001b[39m updatedUser \u001b[33m=\u001b[39m \u001b[36mawait\u001b[39m \u001b[33mUser\u001b[39m\u001b[33m.\u001b[39mfindById(user\u001b[33m.\u001b[39m_id)\u001b[33m;\u001b[39m\n    \u001b[31m\u001b[1m>\u001b[22m\u001b[39m\u001b[90m 786 |\u001b[39m       expect(updatedUser\u001b[33m.\u001b[39mactive)\u001b[33m.\u001b[39mtoBe(\u001b[32m'active'\u001b[39m)\u001b[33m;\u001b[39m\n     \u001b[90m     |\u001b[39m                                  \u001b[31m\u001b[1m^\u001b[22m\u001b[39m\n     \u001b[90m 787 |\u001b[39m     })\u001b[33m;\u001b[39m\n     \u001b[90m 788 |\u001b[39m\n     \u001b[90m 789 |\u001b[39m     it(\u001b[32m'nên từ chối đăng nhập với tài khoản bị ban'\u001b[39m\u001b[33m,\u001b[39m \u001b[36masync\u001b[39m () \u001b[33m=>\u001b[39m {\u001b[0m\n\n      at Object.toBe (tests/unit/controllers/authController.test.js:786:34)\n\n  ● Auth Controller - Đăng ký và Xác thực › userLoginWith - Đăng nhập bằng Google/Firebase (User) › nên từ chối đăng nhập với tài khoản bị ban\n\n    expect(jest.fn()).toHaveBeenCalledWith(...expected)\n\n    Expected: ObjectContaining {\"message\": \"Tài khoản của bạn đã bị ban.\", \"statusCode\": 401}\n\n    Number of calls: 0\n\n    \u001b[0m \u001b[90m 806 |\u001b[39m       \u001b[36mawait\u001b[39m authController\u001b[33m.\u001b[39muserLoginWith(req\u001b[33m,\u001b[39m res\u001b[33m,\u001b[39m next)\u001b[33m;\u001b[39m\n     \u001b[90m 807 |\u001b[39m\n    \u001b[31m\u001b[1m>\u001b[22m\u001b[39m\u001b[90m 808 |\u001b[39m       expect(next)\u001b[33m.\u001b[39mtoHaveBeenCalledWith(\n     \u001b[90m     |\u001b[39m                    \u001b[31m\u001b[1m^\u001b[22m\u001b[39m\n     \u001b[90m 809 |\u001b[39m         expect\u001b[33m.\u001b[39mobjectContaining({\n     \u001b[90m 810 |\u001b[39m           message\u001b[33m:\u001b[39m \u001b[32m'Tài khoản của bạn đã bị ban.'\u001b[39m\u001b[33m,\u001b[39m\n     \u001b[90m 811 |\u001b[39m           statusCode\u001b[33m:\u001b[39m \u001b[35m401\u001b[39m\u001b[33m,\u001b[39m\u001b[0m\n\n      at Object.toHaveBeenCalledWith (tests/unit/controllers/authController.test.js:808:20)\n\n  ● Auth Controller - Đăng ký và Xác thực › changeStateUser - Thay đổi trạng thái user › nên thay đổi trạng thái user thành công\n\n    expect(jest.fn()).toHaveBeenCalledWith(...expected)\n\n    Expected: 200\n\n    Number of calls: 0\n\n    \u001b[0m \u001b[90m 837 |\u001b[39m       \u001b[36mawait\u001b[39m authController\u001b[33m.\u001b[39mchangeStateUser(req\u001b[33m,\u001b[39m res\u001b[33m,\u001b[39m next)\u001b[33m;\u001b[39m\n     \u001b[90m 838 |\u001b[39m\n    \u001b[31m\u001b[1m>\u001b[22m\u001b[39m\u001b[90m 839 |\u001b[39m       expect(res\u001b[33m.\u001b[39mstatus)\u001b[33m.\u001b[39mtoHaveBeenCalledWith(\u001b[35m200\u001b[39m)\u001b[33m;\u001b[39m\n     \u001b[90m     |\u001b[39m                          \u001b[31m\u001b[1m^\u001b[22m\u001b[39m\n     \u001b[90m 840 |\u001b[39m       expect(res\u001b[33m.\u001b[39mjson)\u001b[33m.\u001b[39mtoHaveBeenCalled()\u001b[33m;\u001b[39m\n     \u001b[90m 841 |\u001b[39m       \n     \u001b[90m 842 |\u001b[39m       \u001b[36mconst\u001b[39m updatedUser \u001b[33m=\u001b[39m \u001b[36mawait\u001b[39m \u001b[33mUser\u001b[39m\u001b[33m.\u001b[39mfindById(user\u001b[33m.\u001b[39m_id)\u001b[33m;\u001b[39m\u001b[0m\n\n      at Object.toHaveBeenCalledWith (tests/unit/controllers/authController.test.js:839:26)\n\n  ● Auth Controller - Đăng ký và Xác thực › changeStateUser - Thay đổi trạng thái user › nên trả về lỗi khi token không hợp lệ\n\n    expect(jest.fn()).toHaveBeenCalled()\n\n    Expected number of calls: >= 1\n    Received number of calls:    0\n\n    \u001b[0m \u001b[90m 852 |\u001b[39m       \u001b[36mawait\u001b[39m authController\u001b[33m.\u001b[39mchangeStateUser(req\u001b[33m,\u001b[39m res\u001b[33m,\u001b[39m next)\u001b[33m;\u001b[39m\n     \u001b[90m 853 |\u001b[39m\n    \u001b[31m\u001b[1m>\u001b[22m\u001b[39m\u001b[90m 854 |\u001b[39m       expect(next)\u001b[33m.\u001b[39mtoHaveBeenCalled()\u001b[33m;\u001b[39m\n     \u001b[90m     |\u001b[39m                    \u001b[31m\u001b[1m^\u001b[22m\u001b[39m\n     \u001b[90m 855 |\u001b[39m     })\u001b[33m;\u001b[39m\n     \u001b[90m 856 |\u001b[39m   })\u001b[33m;\u001b[39m\n     \u001b[90m 857 |\u001b[39m })\u001b[33m;\u001b[39m\u001b[0m\n\n      at Object.toHaveBeenCalled (tests/unit/controllers/authController.test.js:854:20)\n","name":"/home/runner/work/2025_2026_KIEM_THU_PHAN_MEM/2025_2026_KIEM_THU_PHAN_MEM/Back-end/tests/unit/controllers/authController.test.js","startTime":1765820439624,"status":"failed","summary":""}],"wasInterrupted":false}
